2021-12-13 07:38:23 Error: [MissingControllerException] Controller class BlogController could not be found.
Exception Attributes: array (
  'class' => 'BlogController',
  'plugin' => NULL,
)
Request URL: /blog/posts/delete/2
Stack Trace:
#0 /Applications/MAMP/htdocs/app/webroot/index.php(110): Dispatcher->dispatch(Object(CakeRequest), Object(CakeResponse))
#1 {main}
2021-12-13 07:38:27 Error: [MissingControllerException] Controller class BlogController could not be found.
Exception Attributes: array (
  'class' => 'BlogController',
  'plugin' => NULL,
)
Request URL: /blog/posts/delete/2
Stack Trace:
#0 /Applications/MAMP/htdocs/app/webroot/index.php(110): Dispatcher->dispatch(Object(CakeRequest), Object(CakeResponse))
#1 {main}
2021-12-13 07:38:30 Error: [MissingControllerException] Controller class BlogController could not be found.
Exception Attributes: array (
  'class' => 'BlogController',
  'plugin' => NULL,
)
Request URL: /blog/posts/delete/3
Stack Trace:
#0 /Applications/MAMP/htdocs/app/webroot/index.php(110): Dispatcher->dispatch(Object(CakeRequest), Object(CakeResponse))
#1 {main}
2021-12-13 07:38:33 Error: [MissingControllerException] Controller class BlogController could not be found.
Exception Attributes: array (
  'class' => 'BlogController',
  'plugin' => NULL,
)
Request URL: /blog/posts/delete/2
Stack Trace:
#0 /Applications/MAMP/htdocs/app/webroot/index.php(110): Dispatcher->dispatch(Object(CakeRequest), Object(CakeResponse))
#1 {main}
2021-12-13 07:40:34 Error: [MissingControllerException] Controller class BlogController could not be found.
Exception Attributes: array (
  'class' => 'BlogController',
  'plugin' => NULL,
)
Request URL: /blog/posts/delete/2
Stack Trace:
#0 /Applications/MAMP/htdocs/app/webroot/index.php(110): Dispatcher->dispatch(Object(CakeRequest), Object(CakeResponse))
#1 {main}
2021-12-13 07:40:36 Error: [MissingControllerException] Controller class BlogController could not be found.
Exception Attributes: array (
  'class' => 'BlogController',
  'plugin' => NULL,
)
Request URL: /blog/posts/delete/2
Stack Trace:
#0 /Applications/MAMP/htdocs/app/webroot/index.php(110): Dispatcher->dispatch(Object(CakeRequest), Object(CakeResponse))
#1 {main}
2021-12-13 07:40:41 Error: [MissingControllerException] Controller class BlogController could not be found.
Exception Attributes: array (
  'class' => 'BlogController',
  'plugin' => NULL,
)
Request URL: /blog/posts/delete/2
Stack Trace:
#0 /Applications/MAMP/htdocs/app/webroot/index.php(110): Dispatcher->dispatch(Object(CakeRequest), Object(CakeResponse))
#1 {main}
2021-12-13 07:45:09 Error: [MissingControllerException] Controller class BlogController could not be found.
Exception Attributes: array (
  'class' => 'BlogController',
  'plugin' => NULL,
)
Request URL: /blog/posts/delete/2
Stack Trace:
#0 /Applications/MAMP/htdocs/app/webroot/index.php(110): Dispatcher->dispatch(Object(CakeRequest), Object(CakeResponse))
#1 {main}
2021-12-13 07:46:06 Error: [MissingControllerException] Controller class BlogController could not be found.
Exception Attributes: array (
  'class' => 'BlogController',
  'plugin' => NULL,
)
Request URL: /blog/posts/delete/2
Stack Trace:
#0 /Applications/MAMP/htdocs/app/webroot/index.php(110): Dispatcher->dispatch(Object(CakeRequest), Object(CakeResponse))
#1 {main}
2021-12-13 07:47:10 Error: [MissingControllerException] Controller class BlogController could not be found.
Exception Attributes: array (
  'class' => 'BlogController',
  'plugin' => NULL,
)
Request URL: /blog/posts/delete/2
Stack Trace:
#0 /Applications/MAMP/htdocs/app/webroot/index.php(110): Dispatcher->dispatch(Object(CakeRequest), Object(CakeResponse))
#1 {main}
2021-12-13 07:47:11 Error: [MissingControllerException] Controller class BlogController could not be found.
Exception Attributes: array (
  'class' => 'BlogController',
  'plugin' => NULL,
)
Request URL: /blog/posts/delete/2
Stack Trace:
#0 /Applications/MAMP/htdocs/app/webroot/index.php(110): Dispatcher->dispatch(Object(CakeRequest), Object(CakeResponse))
#1 {main}
2021-12-13 07:47:29 Error: [MissingControllerException] Controller class BlogController could not be found.
Exception Attributes: array (
  'class' => 'BlogController',
  'plugin' => NULL,
)
Request URL: /blog/posts/delete/2
Stack Trace:
#0 /Applications/MAMP/htdocs/app/webroot/index.php(110): Dispatcher->dispatch(Object(CakeRequest), Object(CakeResponse))
#1 {main}
2021-12-13 07:51:55 Error: [MissingControllerException] Controller class BlogController could not be found.
Exception Attributes: array (
  'class' => 'BlogController',
  'plugin' => NULL,
)
Request URL: /blog/posts/delete/5
Stack Trace:
#0 /Applications/MAMP/htdocs/app/webroot/index.php(110): Dispatcher->dispatch(Object(CakeRequest), Object(CakeResponse))
#1 {main}
2021-12-13 07:53:06 Error: [MissingControllerException] Controller class BlogController could not be found.
Exception Attributes: array (
  'class' => 'BlogController',
  'plugin' => NULL,
)
Request URL: /blog/posts/delete/4
Stack Trace:
#0 /Applications/MAMP/htdocs/app/webroot/index.php(110): Dispatcher->dispatch(Object(CakeRequest), Object(CakeResponse))
#1 {main}
2021-12-13 08:08:42 Error: [MissingControllerException] Controller class BlogController could not be found.
Exception Attributes: array (
  'class' => 'BlogController',
  'plugin' => NULL,
)
Request URL: /blog/posts/delete/2
Stack Trace:
#0 /Applications/MAMP/htdocs/app/webroot/index.php(110): Dispatcher->dispatch(Object(CakeRequest), Object(CakeResponse))
#1 {main}
2021-12-13 08:15:35 Error: [MissingControllerException] Controller class BlogController could not be found.
Exception Attributes: array (
  'class' => 'BlogController',
  'plugin' => NULL,
)
Request URL: /blog/posts/delete/2
Stack Trace:
#0 /Applications/MAMP/htdocs/app/webroot/index.php(110): Dispatcher->dispatch(Object(CakeRequest), Object(CakeResponse))
#1 {main}
2021-12-13 08:15:43 Error: [MissingControllerException] Controller class BlogController could not be found.
Exception Attributes: array (
  'class' => 'BlogController',
  'plugin' => NULL,
)
Request URL: /blog/posts/delete/3
Stack Trace:
#0 /Applications/MAMP/htdocs/app/webroot/index.php(110): Dispatcher->dispatch(Object(CakeRequest), Object(CakeResponse))
#1 {main}
2021-12-13 08:16:15 Error: [MissingControllerException] Controller class BlogController could not be found.
Exception Attributes: array (
  'class' => 'BlogController',
  'plugin' => NULL,
)
Request URL: /blog/posts/delete/2
Stack Trace:
#0 /Applications/MAMP/htdocs/app/webroot/index.php(110): Dispatcher->dispatch(Object(CakeRequest), Object(CakeResponse))
#1 {main}
2021-12-13 08:18:59 Error: [MissingControllerException] Controller class BlogController could not be found.
Exception Attributes: array (
  'class' => 'BlogController',
  'plugin' => NULL,
)
Request URL: /blog/posts/delete/2
Stack Trace:
#0 /Applications/MAMP/htdocs/app/webroot/index.php(110): Dispatcher->dispatch(Object(CakeRequest), Object(CakeResponse))
#1 {main}
2021-12-13 08:20:45 Error: [MissingControllerException] Controller class BlogController could not be found.
Exception Attributes: array (
  'class' => 'BlogController',
  'plugin' => NULL,
)
Request URL: /blog/posts/delete/2
Stack Trace:
#0 /Applications/MAMP/htdocs/app/webroot/index.php(110): Dispatcher->dispatch(Object(CakeRequest), Object(CakeResponse))
#1 {main}
2021-12-13 08:37:21 Error: [MissingControllerException] Controller class BlogController could not be found.
Exception Attributes: array (
  'class' => 'BlogController',
  'plugin' => NULL,
)
Request URL: /blog/posts/delete/2
Stack Trace:
#0 /Applications/MAMP/htdocs/app/webroot/index.php(110): Dispatcher->dispatch(Object(CakeRequest), Object(CakeResponse))
#1 {main}
2021-12-13 08:40:32 Error: [MissingControllerException] Controller class BlogController could not be found.
Exception Attributes: array (
  'class' => 'BlogController',
  'plugin' => NULL,
)
Request URL: /blog/posts/delete/2
Stack Trace:
#0 /Applications/MAMP/htdocs/app/webroot/index.php(110): Dispatcher->dispatch(Object(CakeRequest), Object(CakeResponse))
#1 {main}
2021-12-13 08:50:20 Error: [MissingControllerException] Controller class BlogController could not be found.
Exception Attributes: array (
  'class' => 'BlogController',
  'plugin' => NULL,
)
Request URL: /blog/posts/delete/2
Stack Trace:
#0 /Applications/MAMP/htdocs/app/webroot/index.php(110): Dispatcher->dispatch(Object(CakeRequest), Object(CakeResponse))
#1 {main}
2021-12-13 08:51:48 Error: [MissingControllerException] Controller class HTDOCSController could not be found.
Exception Attributes: array (
  'class' => 'HTDOCSController',
  'plugin' => NULL,
)
Request URL: /HTDOCS/posts/delete/2
Stack Trace:
#0 /Applications/MAMP/htdocs/app/webroot/index.php(110): Dispatcher->dispatch(Object(CakeRequest), Object(CakeResponse))
#1 {main}
2021-12-13 08:52:15 Error: [MissingControllerException] Controller class HTDOCSController could not be found.
Exception Attributes: array (
  'class' => 'HTDOCSController',
  'plugin' => NULL,
)
Request URL: /HTDOCS/posts/delete/2
Stack Trace:
#0 /Applications/MAMP/htdocs/app/webroot/index.php(110): Dispatcher->dispatch(Object(CakeRequest), Object(CakeResponse))
#1 {main}
2021-12-13 14:44:45 Error: [MissingControllerException] Controller class BlogController could not be found.
Exception Attributes: array (
  'class' => 'BlogController',
  'plugin' => NULL,
)
Request URL: /blog/comments/delete/1
Stack Trace:
#0 /Applications/MAMP/htdocs/app/webroot/index.php(110): Dispatcher->dispatch(Object(CakeRequest), Object(CakeResponse))
#1 {main}
2021-12-13 14:44:49 Error: [MissingControllerException] Controller class BlogController could not be found.
Exception Attributes: array (
  'class' => 'BlogController',
  'plugin' => NULL,
)
Request URL: /blog/comments/delete/1
Stack Trace:
#0 /Applications/MAMP/htdocs/app/webroot/index.php(110): Dispatcher->dispatch(Object(CakeRequest), Object(CakeResponse))
#1 {main}
